<?xml version="1.0" encoding="UTF-8"?>
<!-- Generated by org.testng.reporters.JUnitReportReporter -->
<testsuite hostname="idea-PC" name="gefp.model.dao.UserDaoTest" tests="3" failures="0" timestamp="9 Feb 2015 21:38:27 GMT" time="0.938" errors="0">
  <testcase name="getCheckPointOfUser1" time="0.218" classname="gefp.model.dao.UserDaoTest"/>
  <testcase name="getCheckPointOfUser2" time="0.078" classname="gefp.model.dao.UserDaoTest"/>
  <testcase name="bothUserExists" time="0.642" classname="gefp.model.dao.UserDaoTest"/>
</testsuite> <!-- gefp.model.dao.UserDaoTest -->
