<?xml version="1.0" encoding="UTF-8"?>
<!-- Generated by org.testng.reporters.JUnitReportReporter -->
<testsuite hostname="idea-PC" name="springmvc.model.dao.UserDaoTest" tests="2" failures="0" timestamp="26 Jan 2015 08:01:29 GMT" time="0.469" errors="0">
  <testcase name="getUsers" time="0.235" classname="springmvc.model.dao.UserDaoTest"/>
  <testcase name="getUser" time="0.234" classname="springmvc.model.dao.UserDaoTest"/>
</testsuite> <!-- springmvc.model.dao.UserDaoTest -->
