<?xml version="1.0" encoding="UTF-8"?>
<!-- Generated by org.testng.reporters.JUnitReportReporter -->
<testsuite hostname="idea-PC" name="gefp.model.dao.UserDaoTest" tests="3" failures="0" timestamp="29 Jan 2015 08:16:26 GMT" time="0.548" errors="0">
  <testcase name="getCheckPointOfUser2" time="0.063" classname="gefp.model.dao.UserDaoTest"/>
  <testcase name="bothUserExists" time="0.454" classname="gefp.model.dao.UserDaoTest"/>
  <testcase name="getCheckPointOfUser1" time="0.031" classname="gefp.model.dao.UserDaoTest"/>
</testsuite> <!-- gefp.model.dao.UserDaoTest -->
